<?xml version="1.0" encoding="UTF-8"?>
<testsuite xmlns:xsi="http://www.w3.org/2001/XMLSchema-instance" xsi:noNamespaceSchemaLocation="https://maven.apache.org/surefire/maven-surefire-plugin/xsd/surefire-test-report.xsd" version="3.0.1" name="edu.eci.cvds.tdd.library.LibraryTest" time="0.197" tests="20" errors="0" skipped="0" failures="0">
  <properties>
    <property name="java.specification.version" value="23"/>
    <property name="sun.cpu.isalist" value="amd64"/>
    <property name="sun.jnu.encoding" value="Cp1252"/>
    <property name="java.class.path" value="C:\Users\angel\OneDrive\Documentos\Documentos trabajos\Universidad\CVDS\Library\target\test-classes;C:\Users\angel\OneDrive\Documentos\Documentos trabajos\Universidad\CVDS\Library\target\classes;C:\Users\angel\.m2\repository\org\junit\jupiter\junit-jupiter-api\5.11.4\junit-jupiter-api-5.11.4.jar;C:\Users\angel\.m2\repository\org\opentest4j\opentest4j\1.3.0\opentest4j-1.3.0.jar;C:\Users\angel\.m2\repository\org\junit\platform\junit-platform-commons\1.11.0\junit-platform-commons-1.11.0.jar;C:\Users\angel\.m2\repository\org\apiguardian\apiguardian-api\1.1.2\apiguardian-api-1.1.2.jar;C:\Users\angel\.m2\repository\org\junit\jupiter\junit-jupiter-params\5.11.0\junit-jupiter-params-5.11.0.jar;"/>
    <property name="java.vm.vendor" value="Oracle Corporation"/>
    <property name="sun.arch.data.model" value="64"/>
    <property name="user.variant" value=""/>
    <property name="java.vendor.url" value="https://java.oracle.com/"/>
    <property name="user.timezone" value="America/Bogota"/>
    <property name="os.name" value="Windows 11"/>
    <property name="java.vm.specification.version" value="23"/>
    <property name="sun.java.launcher" value="SUN_STANDARD"/>
    <property name="user.country" value="CO"/>
    <property name="sun.boot.library.path" value="C:\Program Files\openjdk-23.0.1_windows-x64_bin\jdk-23.0.1\bin"/>
    <property name="sun.java.command" value="C:\Users\angel\AppData\Local\Temp\surefire14427742456268213187\surefirebooter-20250211220146214_3.jar C:\Users\angel\AppData\Local\Temp\surefire14427742456268213187 2025-02-11T22-01-45_972-jvmRun1 surefire-20250211220146214_1tmp surefire_0-20250211220146214_2tmp"/>
    <property name="jdk.debug" value="release"/>
    <property name="surefire.test.class.path" value="C:\Users\angel\OneDrive\Documentos\Documentos trabajos\Universidad\CVDS\Library\target\test-classes;C:\Users\angel\OneDrive\Documentos\Documentos trabajos\Universidad\CVDS\Library\target\classes;C:\Users\angel\.m2\repository\org\junit\jupiter\junit-jupiter-api\5.11.4\junit-jupiter-api-5.11.4.jar;C:\Users\angel\.m2\repository\org\opentest4j\opentest4j\1.3.0\opentest4j-1.3.0.jar;C:\Users\angel\.m2\repository\org\junit\platform\junit-platform-commons\1.11.0\junit-platform-commons-1.11.0.jar;C:\Users\angel\.m2\repository\org\apiguardian\apiguardian-api\1.1.2\apiguardian-api-1.1.2.jar;C:\Users\angel\.m2\repository\org\junit\jupiter\junit-jupiter-params\5.11.0\junit-jupiter-params-5.11.0.jar;"/>
    <property name="sun.cpu.endian" value="little"/>
    <property name="user.home" value="C:\Users\angel"/>
    <property name="user.language" value="es"/>
    <property name="java.specification.vendor" value="Oracle Corporation"/>
    <property name="java.version.date" value="2024-10-15"/>
    <property name="java.home" value="C:\Program Files\openjdk-23.0.1_windows-x64_bin\jdk-23.0.1"/>
    <property name="file.separator" value="\"/>
    <property name="basedir" value="C:\Users\angel\OneDrive\Documentos\Documentos trabajos\Universidad\CVDS\Library"/>
    <property name="java.vm.compressedOopsMode" value="32-bit"/>
    <property name="line.separator" value="&#10;"/>
    <property name="java.vm.specification.vendor" value="Oracle Corporation"/>
    <property name="java.specification.name" value="Java Platform API Specification"/>
    <property name="surefire.real.class.path" value="C:\Users\angel\AppData\Local\Temp\surefire14427742456268213187\surefirebooter-20250211220146214_3.jar"/>
    <property name="user.script" value=""/>
    <property name="sun.management.compiler" value="HotSpot 64-Bit Tiered Compilers"/>
    <property name="java.runtime.version" value="23.0.1+11-39"/>
    <property name="user.name" value="angel"/>
    <property name="stdout.encoding" value="Cp1252"/>
    <property name="path.separator" value=";"/>
    <property name="os.version" value="10.0"/>
    <property name="java.runtime.name" value="OpenJDK Runtime Environment"/>
    <property name="file.encoding" value="UTF-8"/>
    <property name="java.vm.name" value="OpenJDK 64-Bit Server VM"/>
    <property name="localRepository" value="C:\Users\angel\.m2\repository"/>
    <property name="java.vendor.url.bug" value="https://bugreport.java.com/bugreport/"/>
    <property name="java.io.tmpdir" value="C:\Users\angel\AppData\Local\Temp\"/>
    <property name="java.version" value="23.0.1"/>
    <property name="user.dir" value="C:\Users\angel\OneDrive\Documentos\Documentos trabajos\Universidad\CVDS\Library"/>
    <property name="os.arch" value="amd64"/>
    <property name="java.vm.specification.name" value="Java Virtual Machine Specification"/>
    <property name="sun.os.patch.level" value=""/>
    <property name="native.encoding" value="Cp1252"/>
    <property name="java.library.path" value="C:\Program Files\openjdk-23.0.1_windows-x64_bin\jdk-23.0.1\bin;C:\WINDOWS\Sun\Java\bin;C:\WINDOWS\system32;C:\WINDOWS;C:\Program Files (x86)\Common Files\Oracle\Java\javapath;C:\WINDOWS\system32;C:\WINDOWS;C:\WINDOWS\System32\Wbem;C:\WINDOWS\System32\WindowsPowerShell\v1.0\;C:\WINDOWS\System32\OpenSSH\;C:\Program Files\dotnet\;C:\Program Files\Wolfram Research\WolframScript\;C:\Program Files\HP\HP One Agent;C:\Program Files\openjdk-23.0.1_windows-x64_bin\jdk-23.0.1\bin;C:\Program Files\Git\cmd;C:\Program Files\Apache\Maven\bin;C:\Users\angel\AppData\Local\Programs\Python\Python312\Scripts\;C:\Users\angel\AppData\Local\Programs\Python\Python312\;C:\Users\angel\AppData\Local\Microsoft\WindowsApps;C:\Users\angel\AppData\Local\Programs\Microsoft VS Code\bin;."/>
    <property name="java.vm.info" value="mixed mode, sharing"/>
    <property name="stderr.encoding" value="Cp1252"/>
    <property name="java.vendor" value="Oracle Corporation"/>
    <property name="java.vm.version" value="23.0.1+11-39"/>
    <property name="sun.io.unicode.encoding" value="UnicodeLittle"/>
    <property name="java.class.version" value="67.0"/>
  </properties>
  <testcase name="returnLoan_ChangeState_True" classname="edu.eci.cvds.tdd.library.LibraryTest" time="0.059"/>
  <testcase name="notRepeatedLoans_UserRepeatLoan_false" classname="edu.eci.cvds.tdd.library.LibraryTest" time="0.005"/>
  <testcase name="returnLoan_loanNotExist_Null" classname="edu.eci.cvds.tdd.library.LibraryTest" time="0.004"/>
  <testcase name="returnLoan_CanLoanReturned_NotNull" classname="edu.eci.cvds.tdd.library.LibraryTest" time="0.005"/>
  <testcase name="loanABook_IncreaseQuantity_true" classname="edu.eci.cvds.tdd.library.LibraryTest" time="0.004"/>
  <testcase name="addBook_bookAdded_True" classname="edu.eci.cvds.tdd.library.LibraryTest" time="0.002"/>
  <testcase name="checkBook_BookAtStore_NotNull" classname="edu.eci.cvds.tdd.library.LibraryTest" time="0.001"/>
  <testcase name="checkUser_RegisteredUser_NotNull" classname="edu.eci.cvds.tdd.library.LibraryTest" time="0.002"/>
  <testcase name="addBook_StorageSize_Increase1" classname="edu.eci.cvds.tdd.library.LibraryTest" time="0.003"/>
  <testcase name="notRepeatedLoans_UserRepeatLoan_true" classname="edu.eci.cvds.tdd.library.LibraryTest" time="0.001"/>
  <testcase name="returnLoan_ChngeState_False" classname="edu.eci.cvds.tdd.library.LibraryTest" time="0.002"/>
  <testcase name="loanABook_UserCantRepeatedLoanBook_Null" classname="edu.eci.cvds.tdd.library.LibraryTest" time="0.002"/>
  <testcase name="addBook_StorageForBook_Increase1" classname="edu.eci.cvds.tdd.library.LibraryTest" time="0.002"/>
  <testcase name="returnLoan_IncreaseQuantity_true" classname="edu.eci.cvds.tdd.library.LibraryTest" time="0.001"/>
  <testcase name="checkBook_BookNotAtStore_Null" classname="edu.eci.cvds.tdd.library.LibraryTest" time="0.001"/>
  <testcase name="returnLoan_ChangeState_False" classname="edu.eci.cvds.tdd.library.LibraryTest" time="0.001"/>
  <testcase name="loanABook_UserCanLoanBook_Null" classname="edu.eci.cvds.tdd.library.LibraryTest" time="0.002"/>
  <testcase name="addBook_IncreaseSavedBook_Increase1" classname="edu.eci.cvds.tdd.library.LibraryTest" time="0.002"/>
  <testcase name="loanABook_UserCanLoanBook_NotNull" classname="edu.eci.cvds.tdd.library.LibraryTest" time="0.001"/>
  <testcase name="checkUser_RegisteredUser_Null" classname="edu.eci.cvds.tdd.library.LibraryTest" time="0.002"/>
</testsuite>